<?xml version="1.0" encoding="UTF-8"?>
<testsuite xmlns:xsi="http://www.w3.org/2001/XMLSchema-instance" xsi:noNamespaceSchemaLocation="https://maven.apache.org/surefire/maven-surefire-plugin/xsd/surefire-test-report-3.0.xsd" version="3.0" name="br.com.fiap.donatedine.DonatedineApplicationTests" time="15.54" tests="1" errors="0" skipped="0" failures="0">
  <properties>
[...]
</properties>
  <testcase name="contextLoads" classname="br.com.fiap.donatedine.DonatedineApplicationTests" time="1.065">
    <system-out><![CDATA[19:04:06.438 [main] INFO org.springframework.test.context.support.AnnotationConfigContextLoaderUtils -- Could not detect default configuration classes for test class [br.com.fiap.donatedine.DonatedineApplicationTests]: DonatedineApplicationTests does not declare any static, non-private, non-final, nested classes annotated with @Configuration.
19:04:06.667 [main] INFO org.springframework.boot.test.context.SpringBootTestContextBootstrapper -- Found @SpringBootConfiguration br.com.fiap.donatedine.DonatedineApplication for test class br.com.fiap.donatedine.DonatedineApplicationTests

  .   ____          _            __ _ _
 /\\ / ___'_ __ _ _(_)_ __  __ _ \ \ \ \
( ( )\___ | '_ | '_| | '_ \/ _` | \ \ \ \
 \\/  ___)| |_)| | | | | || (_| |  ) ) ) )
  '  |____| .__|_| |_|_| |_\__, | / / / /
 =========|_|==============|___/=/_/_/_/
 :: Spring Boot ::                (v3.1.0)

2023-06-06T19:04:07.694-03:00  INFO 6024 --- [           main] b.c.f.d.DonatedineApplicationTests       : Starting DonatedineApplicationTests using Java 17.0.7 with PID 6024 (started by thdev in C:\Users\thdev\Documentos\Fiap\GLOBAL SOLUTION 3\DEVOPS\DonateDine\donatedine)
2023-06-06T19:04:07.696-03:00  INFO 6024 --- [           main] b.c.f.d.DonatedineApplicationTests       : The following 1 profile is active: "default"
2023-06-06T19:04:09.926-03:00  INFO 6024 --- [           main] .s.d.r.c.RepositoryConfigurationDelegate : Multiple Spring Data modules found, entering strict repository configuration mode
2023-06-06T19:04:09.928-03:00  INFO 6024 --- [           main] .s.d.r.c.RepositoryConfigurationDelegate : Bootstrapping Spring Data JDBC repositories in DEFAULT mode.
2023-06-06T19:04:10.017-03:00  INFO 6024 --- [           main] .RepositoryConfigurationExtensionSupport : Spring Data JDBC - Could not safely identify store assignment for repository candidate interface br.com.fiap.donatedine.infra.repositories.ClassificacaoRepository; If you want this repository to be a JDBC repository, consider annotating your entities with one of these annotations: org.springframework.data.relational.core.mapping.Table.
2023-06-06T19:04:10.019-03:00  INFO 6024 --- [           main] .RepositoryConfigurationExtensionSupport : Spring Data JDBC - Could not safely identify store assignment for repository candidate interface br.com.fiap.donatedine.infra.repositories.DoacaoRepository; If you want this repository to be a JDBC repository, consider annotating your entities with one of these annotations: org.springframework.data.relational.core.mapping.Table.
2023-06-06T19:04:10.021-03:00  INFO 6024 --- [           main] .RepositoryConfigurationExtensionSupport : Spring Data JDBC - Could not safely identify store assignment for repository candidate interface br.com.fiap.donatedine.infra.repositories.EstoqueRepository; If you want this repository to be a JDBC repository, consider annotating your entities with one of these annotations: org.springframework.data.relational.core.mapping.Table.
2023-06-06T19:04:10.024-03:00  INFO 6024 --- [           main] .RepositoryConfigurationExtensionSupport : Spring Data JDBC - Could not safely identify store assignment for repository candidate interface br.com.fiap.donatedine.infra.repositories.ItemRepository; If you want this repository to be a JDBC repository, consider annotating your entities with one of these annotations: org.springframework.data.relational.core.mapping.Table.
2023-06-06T19:04:10.026-03:00  INFO 6024 --- [           main] .RepositoryConfigurationExtensionSupport : Spring Data JDBC - Could not safely identify store assignment for repository candidate interface br.com.fiap.donatedine.infra.repositories.LoteRepository; If you want this repository to be a JDBC repository, consider annotating your entities with one of these annotations: org.springframework.data.relational.core.mapping.Table.
2023-06-06T19:04:10.029-03:00  INFO 6024 --- [           main] .RepositoryConfigurationExtensionSupport : Spring Data JDBC - Could not safely identify store assignment for repository candidate interface br.com.fiap.donatedine.infra.repositories.UsuarioRepository; If you want this repository to be a JDBC repository, consider annotating your entities with one of these annotations: org.springframework.data.relational.core.mapping.Table.
2023-06-06T19:04:10.030-03:00  INFO 6024 --- [           main] .s.d.r.c.RepositoryConfigurationDelegate : Finished Spring Data repository scanning in 89 ms. Found 0 JDBC repository interfaces.
2023-06-06T19:04:10.057-03:00  INFO 6024 --- [           main] .s.d.r.c.RepositoryConfigurationDelegate : Multiple Spring Data modules found, entering strict repository configuration mode
2023-06-06T19:04:10.060-03:00  INFO 6024 --- [           main] .s.d.r.c.RepositoryConfigurationDelegate : Bootstrapping Spring Data JPA repositories in DEFAULT mode.
2023-06-06T19:04:10.202-03:00  INFO 6024 --- [           main] .s.d.r.c.RepositoryConfigurationDelegate : Finished Spring Data repository scanning in 128 ms. Found 6 JPA repository interfaces.
2023-06-06T19:04:11.384-03:00  INFO 6024 --- [           main] o.hibernate.jpa.internal.util.LogHelper  : HHH000204: Processing PersistenceUnitInfo [name: default]
2023-06-06T19:04:11.569-03:00  INFO 6024 --- [           main] org.hibernate.Version                    : HHH000412: Hibernate ORM core version 6.2.2.Final
2023-06-06T19:04:11.576-03:00  INFO 6024 --- [           main] org.hibernate.cfg.Environment            : HHH000406: Using bytecode reflection optimizer
2023-06-06T19:04:12.111-03:00  INFO 6024 --- [           main] o.h.b.i.BytecodeProviderInitiator        : HHH000021: Bytecode provider name : bytebuddy
2023-06-06T19:04:12.469-03:00  INFO 6024 --- [           main] o.s.o.j.p.SpringPersistenceUnitInfo      : No LoadTimeWeaver setup: ignoring JPA class transformer
2023-06-06T19:04:12.541-03:00  INFO 6024 --- [           main] com.zaxxer.hikari.HikariDataSource       : HikariPool-1 - Starting...
2023-06-06T19:04:13.580-03:00  INFO 6024 --- [           main] com.zaxxer.hikari.pool.HikariPool        : HikariPool-1 - Added connection com.mysql.cj.jdbc.ConnectionImpl@1de12397
2023-06-06T19:04:13.585-03:00  INFO 6024 --- [           main] com.zaxxer.hikari.HikariDataSource       : HikariPool-1 - Start completed.
2023-06-06T19:04:13.769-03:00  INFO 6024 --- [           main] org.hibernate.orm.dialect                : HHH035001: Using dialect: org.hibernate.dialect.MySQL8Dialect, version: 8.0
2023-06-06T19:04:13.777-03:00  WARN 6024 --- [           main] org.hibernate.orm.deprecation            : HHH90000026: MySQL8Dialect has been deprecated; use org.hibernate.dialect.MySQLDialect instead
2023-06-06T19:04:14.553-03:00  INFO 6024 --- [           main] o.h.b.i.BytecodeProviderInitiator        : HHH000021: Bytecode provider name : bytebuddy
2023-06-06T19:04:16.249-03:00  INFO 6024 --- [           main] o.h.e.t.j.p.i.JtaPlatformInitiator       : HHH000490: Using JtaPlatform implementation: [org.hibernate.engine.transaction.jta.platform.internal.NoJtaPlatform]
Hibernate: 
    alter table t_classificacoes 
       modify column pk_id  CHAR(36) not null
Hibernate: 
    alter table t_doacoes 
       modify column pk_id  CHAR(36) not null
Hibernate: 
    alter table t_doacoes 
       modify column data_criacao  TIMESTAMP not null
Hibernate: 
    alter table t_doacoes 
       modify column fk_estoque_id  CHAR(36) not null
Hibernate: 
    alter table t_estoques 
       modify column pk_id  CHAR(36) not null
Hibernate: 
    alter table t_estoques 
       modify column data_criacao  TIMESTAMP not null
Hibernate: 
    alter table t_estoques 
       modify column fk_lote_id  CHAR(36) not null
Hibernate: 
    alter table t_itens 
       modify column pk_id  CHAR(36) not null
Hibernate: 
    alter table t_itens 
       modify column fk_classificacao_id  CHAR(36)
Hibernate: 
    alter table t_itens 
       modify column fk_estoque_id  CHAR(36) not null
Hibernate: 
    alter table t_lotes 
       modify column pk_id  CHAR(36) not null
Hibernate: 
    alter table t_lotes 
       modify column data_criacao  TIMESTAMP not null
Hibernate: 
    alter table t_usuarios 
       modify column pk_id  CHAR(36) not null
Hibernate: 
    alter table t_usuarios 
       modify column data_criacao  TIMESTAMP not null
2023-06-06T19:04:16.613-03:00  INFO 6024 --- [           main] j.LocalContainerEntityManagerFactoryBean : Initialized JPA EntityManagerFactory for persistence unit 'default'
2023-06-06T19:04:17.186-03:00  INFO 6024 --- [           main] o.s.d.j.r.query.QueryEnhancerFactory     : Hibernate is in classpath; If applicable, HQL parser will be used.
2023-06-06T19:04:18.766-03:00  WARN 6024 --- [           main] JpaBaseConfiguration$JpaWebConfiguration : spring.jpa.open-in-view is enabled by default. Therefore, database queries may be performed during view rendering. Explicitly configure spring.jpa.open-in-view to disable this warning
2023-06-06T19:04:19.497-03:00  INFO 6024 --- [           main] o.s.s.web.DefaultSecurityFilterChain     : Will secure any request with [org.springframework.security.web.session.DisableEncodeUrlFilter@10164e94, org.springframework.security.web.context.request.async.WebAsyncManagerIntegrationFilter@24e63b9f, org.springframework.security.web.context.SecurityContextHolderFilter@61aaec51, org.springframework.security.web.header.HeaderWriterFilter@52dbd3d, org.springframework.security.web.authentication.logout.LogoutFilter@f758e05, br.com.fiap.donatedine.config.AuthorizationFilter@6e21b6f8, org.springframework.security.web.savedrequest.RequestCacheAwareFilter@9d10078, org.springframework.security.web.servletapi.SecurityContextHolderAwareRequestFilter@5b115d71, org.springframework.security.web.authentication.AnonymousAuthenticationFilter@31eb5ed6, org.springframework.security.web.session.SessionManagementFilter@11e323a6, org.springframework.security.web.access.ExceptionTranslationFilter@23c07745, org.springframework.security.web.access.intercept.AuthorizationFilter@7b59f3aa]
2023-06-06T19:04:20.495-03:00  INFO 6024 --- [           main] b.c.f.d.DonatedineApplicationTests       : Started DonatedineApplicationTests in 13.433 seconds (process running for 15.496)
]]></system-out>
  </testcase>
</testsuite>